<?xml version="1.0" encoding="UTF-8"?>
<testsuite xmlns:xsi="http://www.w3.org/2001/XMLSchema-instance" xsi:noNamespaceSchemaLocation="https://maven.apache.org/surefire/maven-surefire-plugin/xsd/surefire-test-report-3.0.xsd" version="3.0" name="test.java.com.wagmi.finance.history.OperationStackTest" time="0.003" tests="9" errors="0" skipped="0" failures="0">
  <properties>
[...]
</properties>
  <testcase name="stack_zero_capacity" classname="test.java.com.wagmi.finance.history.OperationStackTest" time="0.0"/>
  <testcase name="stack_with_capacity_one" classname="test.java.com.wagmi.finance.history.OperationStackTest" time="0.0"/>
  <testcase name="peek_does_not_modify_stack" classname="test.java.com.wagmi.finance.history.OperationStackTest" time="0.0"/>
  <testcase name="stack_with_large_capacity" classname="test.java.com.wagmi.finance.history.OperationStackTest" time="0.0"/>
  <testcase name="stack_lifo_order" classname="test.java.com.wagmi.finance.history.OperationStackTest" time="0.0"/>
  <testcase name="stack_with_empty_strings" classname="test.java.com.wagmi.finance.history.OperationStackTest" time="0.0"/>
  <testcase name="stack_with_null_operations" classname="test.java.com.wagmi.finance.history.OperationStackTest" time="0.0"/>
  <testcase name="stack_multiple_peeks_before_pop" classname="test.java.com.wagmi.finance.history.OperationStackTest" time="0.0"/>
  <testcase name="push_pop_and_peek_behaviors_and_underflow_overflow" classname="test.java.com.wagmi.finance.history.OperationStackTest" time="0.001"/>
</testsuite>