-------------------------------------------------------------------------------
Test set: test.java.com.wagmi.finance.alg.SortersTest
-------------------------------------------------------------------------------
Tests run: 15, Failures: 0, Errors: 15, Skipped: 0, Time elapsed: 0.006 s <<< FAILURE! -- in test.java.com.wagmi.finance.alg.SortersTest
test.java.com.wagmi.finance.alg.SortersTest.insertionSortByCategory_handles_empty_array -- Time elapsed: 0.001 s <<< ERROR!
java.lang.UnsupportedOperationException: Not implemented
	at main.java.com.wagmi.finance.alg.Sorters.insertionSortByCategory(Sorters.java:23)
	at test.java.com.wagmi.finance.alg.SortersTest.insertionSortByCategory_handles_empty_array(SortersTest.java:143)
	at java.base/java.lang.reflect.Method.invoke(Method.java:565)
	at java.base/java.util.ArrayList.forEach(ArrayList.java:1604)
	at java.base/java.util.ArrayList.forEach(ArrayList.java:1604)

test.java.com.wagmi.finance.alg.SortersTest.insertionSortByCategory_handles_duplicate_categories -- Time elapsed: 0.001 s <<< ERROR!
java.lang.UnsupportedOperationException: Not implemented
	at main.java.com.wagmi.finance.alg.Sorters.insertionSortByCategory(Sorters.java:23)
	at test.java.com.wagmi.finance.alg.SortersTest.insertionSortByCategory_handles_duplicate_categories(SortersTest.java:161)
	at java.base/java.lang.reflect.Method.invoke(Method.java:565)
	at java.base/java.util.ArrayList.forEach(ArrayList.java:1604)
	at java.base/java.util.ArrayList.forEach(ArrayList.java:1604)

test.java.com.wagmi.finance.alg.SortersTest.insertionSortByCategory_uses_custom_comparator -- Time elapsed: 0 s <<< ERROR!
java.lang.UnsupportedOperationException: Not implemented
	at main.java.com.wagmi.finance.alg.Sorters.insertionSortByCategory(Sorters.java:23)
	at test.java.com.wagmi.finance.alg.SortersTest.insertionSortByCategory_uses_custom_comparator(SortersTest.java:54)
	at java.base/java.lang.reflect.Method.invoke(Method.java:565)
	at java.base/java.util.ArrayList.forEach(ArrayList.java:1604)
	at java.base/java.util.ArrayList.forEach(ArrayList.java:1604)

test.java.com.wagmi.finance.alg.SortersTest.quickSortByAmount_handles_negative_amounts -- Time elapsed: 0 s <<< ERROR!
java.lang.UnsupportedOperationException: Not implemented
	at main.java.com.wagmi.finance.alg.Sorters.quickSortByAmount(Sorters.java:13)
	at test.java.com.wagmi.finance.alg.SortersTest.quickSortByAmount_handles_negative_amounts(SortersTest.java:94)
	at java.base/java.lang.reflect.Method.invoke(Method.java:565)
	at java.base/java.util.ArrayList.forEach(ArrayList.java:1604)
	at java.base/java.util.ArrayList.forEach(ArrayList.java:1604)

test.java.com.wagmi.finance.alg.SortersTest.quickSortByAmount_handles_single_element -- Time elapsed: 0 s <<< ERROR!
java.lang.UnsupportedOperationException: Not implemented
	at main.java.com.wagmi.finance.alg.Sorters.quickSortByAmount(Sorters.java:13)
	at test.java.com.wagmi.finance.alg.SortersTest.quickSortByAmount_handles_single_element(SortersTest.java:70)
	at java.base/java.lang.reflect.Method.invoke(Method.java:565)
	at java.base/java.util.ArrayList.forEach(ArrayList.java:1604)
	at java.base/java.util.ArrayList.forEach(ArrayList.java:1604)

test.java.com.wagmi.finance.alg.SortersTest.mergeSortByDate_handles_duplicate_dates -- Time elapsed: 0 s <<< ERROR!
java.lang.UnsupportedOperationException: Not implemented
	at main.java.com.wagmi.finance.alg.Sorters.mergeSortByDate(Sorters.java:18)
	at test.java.com.wagmi.finance.alg.SortersTest.mergeSortByDate_handles_duplicate_dates(SortersTest.java:121)
	at java.base/java.lang.reflect.Method.invoke(Method.java:565)
	at java.base/java.util.ArrayList.forEach(ArrayList.java:1604)
	at java.base/java.util.ArrayList.forEach(ArrayList.java:1604)

test.java.com.wagmi.finance.alg.SortersTest.quickSortByAmount_handles_duplicate_amounts -- Time elapsed: 0 s <<< ERROR!
java.lang.UnsupportedOperationException: Not implemented
	at main.java.com.wagmi.finance.alg.Sorters.quickSortByAmount(Sorters.java:13)
	at test.java.com.wagmi.finance.alg.SortersTest.quickSortByAmount_handles_duplicate_amounts(SortersTest.java:81)
	at java.base/java.lang.reflect.Method.invoke(Method.java:565)
	at java.base/java.util.ArrayList.forEach(ArrayList.java:1604)
	at java.base/java.util.ArrayList.forEach(ArrayList.java:1604)

test.java.com.wagmi.finance.alg.SortersTest.mergeSortByDate_handles_year_boundaries -- Time elapsed: 0.001 s <<< ERROR!
java.lang.UnsupportedOperationException: Not implemented
	at main.java.com.wagmi.finance.alg.Sorters.mergeSortByDate(Sorters.java:18)
	at test.java.com.wagmi.finance.alg.SortersTest.mergeSortByDate_handles_year_boundaries(SortersTest.java:134)
	at java.base/java.lang.reflect.Method.invoke(Method.java:565)
	at java.base/java.util.ArrayList.forEach(ArrayList.java:1604)
	at java.base/java.util.ArrayList.forEach(ArrayList.java:1604)

test.java.com.wagmi.finance.alg.SortersTest.insertionSortByCategory_handles_single_element -- Time elapsed: 0 s <<< ERROR!
java.lang.UnsupportedOperationException: Not implemented
	at main.java.com.wagmi.finance.alg.Sorters.insertionSortByCategory(Sorters.java:23)
	at test.java.com.wagmi.finance.alg.SortersTest.insertionSortByCategory_handles_single_element(SortersTest.java:150)
	at java.base/java.lang.reflect.Method.invoke(Method.java:565)
	at java.base/java.util.ArrayList.forEach(ArrayList.java:1604)
	at java.base/java.util.ArrayList.forEach(ArrayList.java:1604)

test.java.com.wagmi.finance.alg.SortersTest.mergeSortByDate_handles_single_element -- Time elapsed: 0 s <<< ERROR!
java.lang.UnsupportedOperationException: Not implemented
	at main.java.com.wagmi.finance.alg.Sorters.mergeSortByDate(Sorters.java:18)
	at test.java.com.wagmi.finance.alg.SortersTest.mergeSortByDate_handles_single_element(SortersTest.java:110)
	at java.base/java.lang.reflect.Method.invoke(Method.java:565)
	at java.base/java.util.ArrayList.forEach(ArrayList.java:1604)
	at java.base/java.util.ArrayList.forEach(ArrayList.java:1604)

test.java.com.wagmi.finance.alg.SortersTest.quickSortByAmount_handles_empty_array -- Time elapsed: 0 s <<< ERROR!
java.lang.UnsupportedOperationException: Not implemented
	at main.java.com.wagmi.finance.alg.Sorters.quickSortByAmount(Sorters.java:13)
	at test.java.com.wagmi.finance.alg.SortersTest.quickSortByAmount_handles_empty_array(SortersTest.java:63)
	at java.base/java.lang.reflect.Method.invoke(Method.java:565)
	at java.base/java.util.ArrayList.forEach(ArrayList.java:1604)
	at java.base/java.util.ArrayList.forEach(ArrayList.java:1604)

test.java.com.wagmi.finance.alg.SortersTest.insertionSortByCategory_with_reverse_comparator -- Time elapsed: 0 s <<< ERROR!
java.lang.UnsupportedOperationException: Not implemented
	at main.java.com.wagmi.finance.alg.Sorters.insertionSortByCategory(Sorters.java:23)
	at test.java.com.wagmi.finance.alg.SortersTest.insertionSortByCategory_with_reverse_comparator(SortersTest.java:174)
	at java.base/java.lang.reflect.Method.invoke(Method.java:565)
	at java.base/java.util.ArrayList.forEach(ArrayList.java:1604)
	at java.base/java.util.ArrayList.forEach(ArrayList.java:1604)

test.java.com.wagmi.finance.alg.SortersTest.mergeSortByDate_sorts_by_date_ascending -- Time elapsed: 0 s <<< ERROR!
java.lang.UnsupportedOperationException: Not implemented
	at main.java.com.wagmi.finance.alg.Sorters.mergeSortByDate(Sorters.java:18)
	at test.java.com.wagmi.finance.alg.SortersTest.mergeSortByDate_sorts_by_date_ascending(SortersTest.java:41)
	at java.base/java.lang.reflect.Method.invoke(Method.java:565)
	at java.base/java.util.ArrayList.forEach(ArrayList.java:1604)
	at java.base/java.util.ArrayList.forEach(ArrayList.java:1604)

test.java.com.wagmi.finance.alg.SortersTest.mergeSortByDate_handles_empty_array -- Time elapsed: 0 s <<< ERROR!
java.lang.UnsupportedOperationException: Not implemented
	at main.java.com.wagmi.finance.alg.Sorters.mergeSortByDate(Sorters.java:18)
	at test.java.com.wagmi.finance.alg.SortersTest.mergeSortByDate_handles_empty_array(SortersTest.java:103)
	at java.base/java.lang.reflect.Method.invoke(Method.java:565)
	at java.base/java.util.ArrayList.forEach(ArrayList.java:1604)
	at java.base/java.util.ArrayList.forEach(ArrayList.java:1604)

test.java.com.wagmi.finance.alg.SortersTest.quickSortByAmount_sorts_ascending_and_handles_edges -- Time elapsed: 0 s <<< ERROR!
java.lang.UnsupportedOperationException: Not implemented
	at main.java.com.wagmi.finance.alg.Sorters.quickSortByAmount(Sorters.java:13)
	at test.java.com.wagmi.finance.alg.SortersTest.quickSortByAmount_sorts_ascending_and_handles_edges(SortersTest.java:27)
	at java.base/java.lang.reflect.Method.invoke(Method.java:565)
	at java.base/java.util.ArrayList.forEach(ArrayList.java:1604)
	at java.base/java.util.ArrayList.forEach(ArrayList.java:1604)

