-------------------------------------------------------------------------------
Test set: test.java.com.wagmi.finance.budget.BudgetManagerTest
-------------------------------------------------------------------------------
Tests run: 14, Failures: 0, Errors: 13, Skipped: 0, Time elapsed: 0.006 s <<< FAILURE! -- in test.java.com.wagmi.finance.budget.BudgetManagerTest
test.java.com.wagmi.finance.budget.BudgetManagerTest.applyTransaction_with_multiple_categories -- Time elapsed: 0 s <<< ERROR!
java.lang.UnsupportedOperationException: Not implemented
	at main.java.com.wagmi.finance.budget.BudgetManager.addValidCategory(BudgetManager.java:17)
	at test.java.com.wagmi.finance.budget.BudgetManagerTest.applyTransaction_with_multiple_categories(BudgetManagerTest.java:82)
	at java.base/java.lang.reflect.Method.invoke(Method.java:565)
	at java.base/java.util.ArrayList.forEach(ArrayList.java:1604)
	at java.base/java.util.ArrayList.forEach(ArrayList.java:1604)

test.java.com.wagmi.finance.budget.BudgetManagerTest.isOverLimit_with_exact_limit -- Time elapsed: 0 s <<< ERROR!
java.lang.UnsupportedOperationException: Not implemented
	at main.java.com.wagmi.finance.budget.BudgetManager.addValidCategory(BudgetManager.java:17)
	at test.java.com.wagmi.finance.budget.BudgetManagerTest.isOverLimit_with_exact_limit(BudgetManagerTest.java:105)
	at java.base/java.lang.reflect.Method.invoke(Method.java:565)
	at java.base/java.util.ArrayList.forEach(ArrayList.java:1604)
	at java.base/java.util.ArrayList.forEach(ArrayList.java:1604)

test.java.com.wagmi.finance.budget.BudgetManagerTest.spending_updates_and_limit_checks -- Time elapsed: 0 s <<< ERROR!
java.lang.UnsupportedOperationException: Not implemented
	at main.java.com.wagmi.finance.budget.BudgetManager.addValidCategory(BudgetManager.java:17)
	at test.java.com.wagmi.finance.budget.BudgetManagerTest.spending_updates_and_limit_checks(BudgetManagerTest.java:36)
	at java.base/java.lang.reflect.Method.invoke(Method.java:565)
	at java.base/java.util.ArrayList.forEach(ArrayList.java:1604)
	at java.base/java.util.ArrayList.forEach(ArrayList.java:1604)

test.java.com.wagmi.finance.budget.BudgetManagerTest.applyTransaction_with_income_updates_spending_correctly -- Time elapsed: 0 s <<< ERROR!
java.lang.UnsupportedOperationException: Not implemented
	at main.java.com.wagmi.finance.budget.BudgetManager.addValidCategory(BudgetManager.java:17)
	at test.java.com.wagmi.finance.budget.BudgetManagerTest.applyTransaction_with_income_updates_spending_correctly(BudgetManagerTest.java:74)
	at java.base/java.lang.reflect.Method.invoke(Method.java:565)
	at java.base/java.util.ArrayList.forEach(ArrayList.java:1604)
	at java.base/java.util.ArrayList.forEach(ArrayList.java:1604)

test.java.com.wagmi.finance.budget.BudgetManagerTest.isValidCategory_with_null_category -- Time elapsed: 0 s <<< ERROR!
java.lang.UnsupportedOperationException: Not implemented
	at main.java.com.wagmi.finance.budget.BudgetManager.isValidCategory(BudgetManager.java:22)
	at test.java.com.wagmi.finance.budget.BudgetManagerTest.isValidCategory_with_null_category(BudgetManagerTest.java:125)
	at java.base/java.lang.reflect.Method.invoke(Method.java:565)
	at java.base/java.util.ArrayList.forEach(ArrayList.java:1604)
	at java.base/java.util.ArrayList.forEach(ArrayList.java:1604)

test.java.com.wagmi.finance.budget.BudgetManagerTest.getSpending_returns_zero_for_unknown_category -- Time elapsed: 0 s <<< ERROR!
java.lang.UnsupportedOperationException: Not implemented
	at main.java.com.wagmi.finance.budget.BudgetManager.getSpending(BudgetManager.java:37)
	at test.java.com.wagmi.finance.budget.BudgetManagerTest.getSpending_returns_zero_for_unknown_category(BudgetManagerTest.java:52)
	at java.base/java.lang.reflect.Method.invoke(Method.java:565)
	at java.base/java.util.ArrayList.forEach(ArrayList.java:1604)
	at java.base/java.util.ArrayList.forEach(ArrayList.java:1604)

test.java.com.wagmi.finance.budget.BudgetManagerTest.isApproachingLimit_with_exact_threshold -- Time elapsed: 0.001 s <<< ERROR!
java.lang.UnsupportedOperationException: Not implemented
	at main.java.com.wagmi.finance.budget.BudgetManager.addValidCategory(BudgetManager.java:17)
	at test.java.com.wagmi.finance.budget.BudgetManagerTest.isApproachingLimit_with_exact_threshold(BudgetManagerTest.java:97)
	at java.base/java.lang.reflect.Method.invoke(Method.java:565)
	at java.base/java.util.ArrayList.forEach(ArrayList.java:1604)
	at java.base/java.util.ArrayList.forEach(ArrayList.java:1604)

test.java.com.wagmi.finance.budget.BudgetManagerTest.setBudgetLimit_with_negative_value -- Time elapsed: 0 s <<< ERROR!
java.lang.UnsupportedOperationException: Not implemented
	at main.java.com.wagmi.finance.budget.BudgetManager.addValidCategory(BudgetManager.java:17)
	at test.java.com.wagmi.finance.budget.BudgetManagerTest.setBudgetLimit_with_negative_value(BudgetManagerTest.java:67)
	at java.base/java.lang.reflect.Method.invoke(Method.java:565)
	at java.base/java.util.ArrayList.forEach(ArrayList.java:1604)
	at java.base/java.util.ArrayList.forEach(ArrayList.java:1604)

test.java.com.wagmi.finance.budget.BudgetManagerTest.getBudgetLimit_returns_zero_for_unknown_category -- Time elapsed: 0 s <<< ERROR!
java.lang.UnsupportedOperationException: Not implemented
	at main.java.com.wagmi.finance.budget.BudgetManager.getBudgetLimit(BudgetManager.java:32)
	at test.java.com.wagmi.finance.budget.BudgetManagerTest.getBudgetLimit_returns_zero_for_unknown_category(BudgetManagerTest.java:47)
	at java.base/java.lang.reflect.Method.invoke(Method.java:565)
	at java.base/java.util.ArrayList.forEach(ArrayList.java:1604)
	at java.base/java.util.ArrayList.forEach(ArrayList.java:1604)

test.java.com.wagmi.finance.budget.BudgetManagerTest.applyTransaction_with_zero_amount -- Time elapsed: 0.001 s <<< ERROR!
java.lang.UnsupportedOperationException: Not implemented
	at main.java.com.wagmi.finance.budget.BudgetManager.addValidCategory(BudgetManager.java:17)
	at test.java.com.wagmi.finance.budget.BudgetManagerTest.applyTransaction_with_zero_amount(BudgetManagerTest.java:113)
	at java.base/java.lang.reflect.Method.invoke(Method.java:565)
	at java.base/java.util.ArrayList.forEach(ArrayList.java:1604)
	at java.base/java.util.ArrayList.forEach(ArrayList.java:1604)

test.java.com.wagmi.finance.budget.BudgetManagerTest.category_validation_and_limits_work -- Time elapsed: 0 s <<< ERROR!
java.lang.UnsupportedOperationException: Not implemented
	at main.java.com.wagmi.finance.budget.BudgetManager.addValidCategory(BudgetManager.java:17)
	at test.java.com.wagmi.finance.budget.BudgetManagerTest.category_validation_and_limits_work(BudgetManagerTest.java:27)
	at java.base/java.lang.reflect.Method.invoke(Method.java:565)
	at java.base/java.util.ArrayList.forEach(ArrayList.java:1604)
	at java.base/java.util.ArrayList.forEach(ArrayList.java:1604)

test.java.com.wagmi.finance.budget.BudgetManagerTest.isOverLimit_returns_false_for_unknown_category -- Time elapsed: 0.001 s <<< ERROR!
java.lang.UnsupportedOperationException: Not implemented
	at main.java.com.wagmi.finance.budget.BudgetManager.isOverLimit(BudgetManager.java:52)
	at test.java.com.wagmi.finance.budget.BudgetManagerTest.isOverLimit_returns_false_for_unknown_category(BudgetManagerTest.java:62)
	at java.base/java.lang.reflect.Method.invoke(Method.java:565)
	at java.base/java.util.ArrayList.forEach(ArrayList.java:1604)
	at java.base/java.util.ArrayList.forEach(ArrayList.java:1604)

test.java.com.wagmi.finance.budget.BudgetManagerTest.isApproachingLimit_returns_false_for_unknown_category -- Time elapsed: 0 s <<< ERROR!
java.lang.UnsupportedOperationException: Not implemented
	at main.java.com.wagmi.finance.budget.BudgetManager.isApproachingLimit(BudgetManager.java:47)
	at test.java.com.wagmi.finance.budget.BudgetManagerTest.isApproachingLimit_returns_false_for_unknown_category(BudgetManagerTest.java:57)
	at java.base/java.lang.reflect.Method.invoke(Method.java:565)
	at java.base/java.util.ArrayList.forEach(ArrayList.java:1604)
	at java.base/java.util.ArrayList.forEach(ArrayList.java:1604)

