-------------------------------------------------------------------------------
Test set: test.java.com.wagmi.finance.strings.StringUtilsTest
-------------------------------------------------------------------------------
Tests run: 16, Failures: 0, Errors: 15, Skipped: 0, Time elapsed: 0.027 s <<< FAILURE! -- in test.java.com.wagmi.finance.strings.StringUtilsTest
test.java.com.wagmi.finance.strings.StringUtilsTest.matchesDatePattern_handles_null_input -- Time elapsed: 0.007 s <<< ERROR!
java.lang.UnsupportedOperationException: Not implemented
	at main.java.com.wagmi.finance.strings.StringUtils.matchesDatePattern(StringUtils.java:14)
	at test.java.com.wagmi.finance.strings.StringUtilsTest.matchesDatePattern_handles_null_input(StringUtilsTest.java:54)
	at java.base/java.lang.reflect.Method.invoke(Method.java:565)
	at java.base/java.util.ArrayList.forEach(ArrayList.java:1604)
	at java.base/java.util.ArrayList.forEach(ArrayList.java:1604)

test.java.com.wagmi.finance.strings.StringUtilsTest.sanitizeDescription_handles_empty_string -- Time elapsed: 0.001 s <<< ERROR!
java.lang.UnsupportedOperationException: Not implemented
	at main.java.com.wagmi.finance.strings.StringUtils.sanitizeDescription(StringUtils.java:9)
	at test.java.com.wagmi.finance.strings.StringUtilsTest.sanitizeDescription_handles_empty_string(StringUtilsTest.java:31)
	at java.base/java.lang.reflect.Method.invoke(Method.java:565)
	at java.base/java.util.ArrayList.forEach(ArrayList.java:1604)
	at java.base/java.util.ArrayList.forEach(ArrayList.java:1604)

test.java.com.wagmi.finance.strings.StringUtilsTest.matchesDatePattern_handles_empty_string -- Time elapsed: 0 s <<< ERROR!
java.lang.UnsupportedOperationException: Not implemented
	at main.java.com.wagmi.finance.strings.StringUtils.matchesDatePattern(StringUtils.java:14)
	at test.java.com.wagmi.finance.strings.StringUtilsTest.matchesDatePattern_handles_empty_string(StringUtilsTest.java:59)
	at java.base/java.lang.reflect.Method.invoke(Method.java:565)
	at java.base/java.util.ArrayList.forEach(ArrayList.java:1604)
	at java.base/java.util.ArrayList.forEach(ArrayList.java:1604)

test.java.com.wagmi.finance.strings.StringUtilsTest.matchesDatePattern_validates_day_range -- Time elapsed: 0 s <<< ERROR!
java.lang.UnsupportedOperationException: Not implemented
	at main.java.com.wagmi.finance.strings.StringUtils.matchesDatePattern(StringUtils.java:14)
	at test.java.com.wagmi.finance.strings.StringUtilsTest.matchesDatePattern_validates_day_range(StringUtilsTest.java:72)
	at java.base/java.lang.reflect.Method.invoke(Method.java:565)
	at java.base/java.util.ArrayList.forEach(ArrayList.java:1604)
	at java.base/java.util.ArrayList.forEach(ArrayList.java:1604)

test.java.com.wagmi.finance.strings.StringUtilsTest.sanitizeDescription_removes_special_characters -- Time elapsed: 0 s <<< ERROR!
java.lang.UnsupportedOperationException: Not implemented
	at main.java.com.wagmi.finance.strings.StringUtils.sanitizeDescription(StringUtils.java:9)
	at test.java.com.wagmi.finance.strings.StringUtilsTest.sanitizeDescription_removes_special_characters(StringUtilsTest.java:36)
	at java.base/java.lang.reflect.Method.invoke(Method.java:565)
	at java.base/java.util.ArrayList.forEach(ArrayList.java:1604)
	at java.base/java.util.ArrayList.forEach(ArrayList.java:1604)

test.java.com.wagmi.finance.strings.StringUtilsTest.sanitizeDescription_handles_multiple_spaces -- Time elapsed: 0.001 s <<< ERROR!
java.lang.UnsupportedOperationException: Not implemented
	at main.java.com.wagmi.finance.strings.StringUtils.sanitizeDescription(StringUtils.java:9)
	at test.java.com.wagmi.finance.strings.StringUtilsTest.sanitizeDescription_handles_multiple_spaces(StringUtilsTest.java:42)
	at java.base/java.lang.reflect.Method.invoke(Method.java:565)
	at java.base/java.util.ArrayList.forEach(ArrayList.java:1604)
	at java.base/java.util.ArrayList.forEach(ArrayList.java:1604)

test.java.com.wagmi.finance.strings.StringUtilsTest.matchesDatePattern_handles_leap_year -- Time elapsed: 0 s <<< ERROR!
java.lang.UnsupportedOperationException: Not implemented
	at main.java.com.wagmi.finance.strings.StringUtils.matchesDatePattern(StringUtils.java:14)
	at test.java.com.wagmi.finance.strings.StringUtilsTest.matchesDatePattern_handles_leap_year(StringUtilsTest.java:80)
	at java.base/java.lang.reflect.Method.invoke(Method.java:565)
	at java.base/java.util.ArrayList.forEach(ArrayList.java:1604)
	at java.base/java.util.ArrayList.forEach(ArrayList.java:1604)

test.java.com.wagmi.finance.strings.StringUtilsTest.sanitizeDescription_trims_and_collapses_spaces -- Time elapsed: 0.001 s <<< ERROR!
java.lang.UnsupportedOperationException: Not implemented
	at main.java.com.wagmi.finance.strings.StringUtils.sanitizeDescription(StringUtils.java:9)
	at test.java.com.wagmi.finance.strings.StringUtilsTest.sanitizeDescription_trims_and_collapses_spaces(StringUtilsTest.java:13)
	at java.base/java.lang.reflect.Method.invoke(Method.java:565)
	at java.base/java.util.ArrayList.forEach(ArrayList.java:1604)
	at java.base/java.util.ArrayList.forEach(ArrayList.java:1604)

test.java.com.wagmi.finance.strings.StringUtilsTest.matchesDatePattern_handles_whitespace -- Time elapsed: 0 s <<< ERROR!
java.lang.UnsupportedOperationException: Not implemented
	at main.java.com.wagmi.finance.strings.StringUtils.matchesDatePattern(StringUtils.java:14)
	at test.java.com.wagmi.finance.strings.StringUtilsTest.matchesDatePattern_handles_whitespace(StringUtilsTest.java:112)
	at java.base/java.lang.reflect.Method.invoke(Method.java:565)
	at java.base/java.util.ArrayList.forEach(ArrayList.java:1604)
	at java.base/java.util.ArrayList.forEach(ArrayList.java:1604)

test.java.com.wagmi.finance.strings.StringUtilsTest.matchesDatePattern_rejects_invalid_formats -- Time elapsed: 0.001 s <<< ERROR!
java.lang.UnsupportedOperationException: Not implemented
	at main.java.com.wagmi.finance.strings.StringUtils.matchesDatePattern(StringUtils.java:14)
	at test.java.com.wagmi.finance.strings.StringUtilsTest.matchesDatePattern_rejects_invalid_formats(StringUtilsTest.java:102)
	at java.base/java.lang.reflect.Method.invoke(Method.java:565)
	at java.base/java.util.ArrayList.forEach(ArrayList.java:1604)
	at java.base/java.util.ArrayList.forEach(ArrayList.java:1604)

test.java.com.wagmi.finance.strings.StringUtilsTest.matchesDatePattern_validates_month_range -- Time elapsed: 0 s <<< ERROR!
java.lang.UnsupportedOperationException: Not implemented
	at main.java.com.wagmi.finance.strings.StringUtils.matchesDatePattern(StringUtils.java:14)
	at test.java.com.wagmi.finance.strings.StringUtilsTest.matchesDatePattern_validates_month_range(StringUtilsTest.java:64)
	at java.base/java.lang.reflect.Method.invoke(Method.java:565)
	at java.base/java.util.ArrayList.forEach(ArrayList.java:1604)
	at java.base/java.util.ArrayList.forEach(ArrayList.java:1604)

test.java.com.wagmi.finance.strings.StringUtilsTest.sanitizeDescription_handles_tabs_and_newlines -- Time elapsed: 0 s <<< ERROR!
java.lang.UnsupportedOperationException: Not implemented
	at main.java.com.wagmi.finance.strings.StringUtils.sanitizeDescription(StringUtils.java:9)
	at test.java.com.wagmi.finance.strings.StringUtilsTest.sanitizeDescription_handles_tabs_and_newlines(StringUtilsTest.java:48)
	at java.base/java.lang.reflect.Method.invoke(Method.java:565)
	at java.base/java.util.ArrayList.forEach(ArrayList.java:1604)
	at java.base/java.util.ArrayList.forEach(ArrayList.java:1604)

test.java.com.wagmi.finance.strings.StringUtilsTest.matchesDatePattern_checks_basic_format -- Time elapsed: 0 s <<< ERROR!
java.lang.UnsupportedOperationException: Not implemented
	at main.java.com.wagmi.finance.strings.StringUtils.matchesDatePattern(StringUtils.java:14)
	at test.java.com.wagmi.finance.strings.StringUtilsTest.matchesDatePattern_checks_basic_format(StringUtilsTest.java:19)
	at java.base/java.lang.reflect.Method.invoke(Method.java:565)
	at java.base/java.util.ArrayList.forEach(ArrayList.java:1604)
	at java.base/java.util.ArrayList.forEach(ArrayList.java:1604)

test.java.com.wagmi.finance.strings.StringUtilsTest.matchesDatePattern_handles_year_boundaries -- Time elapsed: 0 s <<< ERROR!
java.lang.UnsupportedOperationException: Not implemented
	at main.java.com.wagmi.finance.strings.StringUtils.matchesDatePattern(StringUtils.java:14)
	at test.java.com.wagmi.finance.strings.StringUtilsTest.matchesDatePattern_handles_year_boundaries(StringUtilsTest.java:94)
	at java.base/java.lang.reflect.Method.invoke(Method.java:565)
	at java.base/java.util.ArrayList.forEach(ArrayList.java:1604)
	at java.base/java.util.ArrayList.forEach(ArrayList.java:1604)

test.java.com.wagmi.finance.strings.StringUtilsTest.matchesDatePattern_handles_month_day_combinations -- Time elapsed: 0.001 s <<< ERROR!
java.lang.UnsupportedOperationException: Not implemented
	at main.java.com.wagmi.finance.strings.StringUtils.matchesDatePattern(StringUtils.java:14)
	at test.java.com.wagmi.finance.strings.StringUtilsTest.matchesDatePattern_handles_month_day_combinations(StringUtilsTest.java:86)
	at java.base/java.lang.reflect.Method.invoke(Method.java:565)
	at java.base/java.util.ArrayList.forEach(ArrayList.java:1604)
	at java.base/java.util.ArrayList.forEach(ArrayList.java:1604)

