-------------------------------------------------------------------------------
Test set: test.java.com.wagmi.finance.recursion.RecursionUtilsTest
-------------------------------------------------------------------------------
Tests run: 14, Failures: 0, Errors: 14, Skipped: 0, Time elapsed: 0.012 s <<< FAILURE! -- in test.java.com.wagmi.finance.recursion.RecursionUtilsTest
test.java.com.wagmi.finance.recursion.RecursionUtilsTest.categoryTotalRecursive_handles_null_category -- Time elapsed: 0.001 s <<< ERROR!
java.lang.UnsupportedOperationException: Not implemented
	at main.java.com.wagmi.finance.recursion.RecursionUtils.categoryTotalRecursive(RecursionUtils.java:16)
	at test.java.com.wagmi.finance.recursion.RecursionUtilsTest.categoryTotalRecursive_handles_null_category(RecursionUtilsTest.java:81)
	at java.base/java.lang.reflect.Method.invoke(Method.java:565)
	at java.base/java.util.ArrayList.forEach(ArrayList.java:1604)
	at java.base/java.util.ArrayList.forEach(ArrayList.java:1604)

test.java.com.wagmi.finance.recursion.RecursionUtilsTest.generateBudgetReportRecursive_handles_empty_array -- Time elapsed: 0 s <<< ERROR!
java.lang.UnsupportedOperationException: Not implemented
	at main.java.com.wagmi.finance.recursion.RecursionUtils.generateBudgetReportRecursive(RecursionUtils.java:21)
	at test.java.com.wagmi.finance.recursion.RecursionUtilsTest.generateBudgetReportRecursive_handles_empty_array(RecursionUtilsTest.java:110)
	at java.base/java.lang.reflect.Method.invoke(Method.java:565)
	at java.base/java.util.ArrayList.forEach(ArrayList.java:1604)
	at java.base/java.util.ArrayList.forEach(ArrayList.java:1604)

test.java.com.wagmi.finance.recursion.RecursionUtilsTest.categoryTotalRecursive_handles_large_array -- Time elapsed: 0.004 s <<< ERROR!
java.lang.UnsupportedOperationException: Not implemented
	at main.java.com.wagmi.finance.recursion.RecursionUtils.categoryTotalRecursive(RecursionUtils.java:16)
	at test.java.com.wagmi.finance.recursion.RecursionUtilsTest.categoryTotalRecursive_handles_large_array(RecursionUtilsTest.java:90)
	at java.base/java.lang.reflect.Method.invoke(Method.java:565)
	at java.base/java.util.ArrayList.forEach(ArrayList.java:1604)
	at java.base/java.util.ArrayList.forEach(ArrayList.java:1604)

test.java.com.wagmi.finance.recursion.RecursionUtilsTest.isValidDateRecursive_handles_whitespace -- Time elapsed: 0 s <<< ERROR!
java.lang.UnsupportedOperationException: Not implemented
	at main.java.com.wagmi.finance.recursion.RecursionUtils.isValidDateRecursive(RecursionUtils.java:11)
	at test.java.com.wagmi.finance.recursion.RecursionUtilsTest.isValidDateRecursive_handles_whitespace(RecursionUtilsTest.java:140)
	at java.base/java.lang.reflect.Method.invoke(Method.java:565)
	at java.base/java.util.ArrayList.forEach(ArrayList.java:1604)
	at java.base/java.util.ArrayList.forEach(ArrayList.java:1604)

test.java.com.wagmi.finance.recursion.RecursionUtilsTest.isValidDateRecursive_validates_yyyy_mm_dd -- Time elapsed: 0.001 s <<< ERROR!
java.lang.UnsupportedOperationException: Not implemented
	at main.java.com.wagmi.finance.recursion.RecursionUtils.isValidDateRecursive(RecursionUtils.java:11)
	at test.java.com.wagmi.finance.recursion.RecursionUtilsTest.isValidDateRecursive_validates_yyyy_mm_dd(RecursionUtilsTest.java:16)
	at java.base/java.lang.reflect.Method.invoke(Method.java:565)
	at java.base/java.util.ArrayList.forEach(ArrayList.java:1604)
	at java.base/java.util.ArrayList.forEach(ArrayList.java:1604)

test.java.com.wagmi.finance.recursion.RecursionUtilsTest.generateBudgetReportRecursive_handles_large_array -- Time elapsed: 0.001 s <<< ERROR!
java.lang.UnsupportedOperationException: Not implemented
	at main.java.com.wagmi.finance.recursion.RecursionUtils.generateBudgetReportRecursive(RecursionUtils.java:21)
	at test.java.com.wagmi.finance.recursion.RecursionUtilsTest.generateBudgetReportRecursive_handles_large_array(RecursionUtilsTest.java:122)
	at java.base/java.lang.reflect.Method.invoke(Method.java:565)
	at java.base/java.util.ArrayList.forEach(ArrayList.java:1604)
	at java.base/java.util.ArrayList.forEach(ArrayList.java:1604)

test.java.com.wagmi.finance.recursion.RecursionUtilsTest.generateBudgetReportRecursive_includes_category_breakdown -- Time elapsed: 0.001 s <<< ERROR!
java.lang.UnsupportedOperationException: Not implemented
	at main.java.com.wagmi.finance.recursion.RecursionUtils.generateBudgetReportRecursive(RecursionUtils.java:21)
	at test.java.com.wagmi.finance.recursion.RecursionUtilsTest.generateBudgetReportRecursive_includes_category_breakdown(RecursionUtilsTest.java:134)
	at java.base/java.lang.reflect.Method.invoke(Method.java:565)
	at java.base/java.util.ArrayList.forEach(ArrayList.java:1604)
	at java.base/java.util.ArrayList.forEach(ArrayList.java:1604)

test.java.com.wagmi.finance.recursion.RecursionUtilsTest.categoryTotalRecursive_sums_matching_category -- Time elapsed: 0 s <<< ERROR!
java.lang.UnsupportedOperationException: Not implemented
	at main.java.com.wagmi.finance.recursion.RecursionUtils.categoryTotalRecursive(RecursionUtils.java:16)
	at test.java.com.wagmi.finance.recursion.RecursionUtilsTest.categoryTotalRecursive_sums_matching_category(RecursionUtilsTest.java:29)
	at java.base/java.lang.reflect.Method.invoke(Method.java:565)
	at java.base/java.util.ArrayList.forEach(ArrayList.java:1604)
	at java.base/java.util.ArrayList.forEach(ArrayList.java:1604)

test.java.com.wagmi.finance.recursion.RecursionUtilsTest.isValidDateRecursive_handles_boundary_values -- Time elapsed: 0.001 s <<< ERROR!
java.lang.UnsupportedOperationException: Not implemented
	at main.java.com.wagmi.finance.recursion.RecursionUtils.isValidDateRecursive(RecursionUtils.java:11)
	at test.java.com.wagmi.finance.recursion.RecursionUtilsTest.isValidDateRecursive_handles_boundary_values(RecursionUtilsTest.java:65)
	at java.base/java.lang.reflect.Method.invoke(Method.java:565)
	at java.base/java.util.ArrayList.forEach(ArrayList.java:1604)
	at java.base/java.util.ArrayList.forEach(ArrayList.java:1604)

test.java.com.wagmi.finance.recursion.RecursionUtilsTest.isValidDateRecursive_handles_invalid_formats -- Time elapsed: 0 s <<< ERROR!
java.lang.UnsupportedOperationException: Not implemented
	at main.java.com.wagmi.finance.recursion.RecursionUtils.isValidDateRecursive(RecursionUtils.java:11)
	at test.java.com.wagmi.finance.recursion.RecursionUtilsTest.isValidDateRecursive_handles_invalid_formats(RecursionUtilsTest.java:55)
	at java.base/java.lang.reflect.Method.invoke(Method.java:565)
	at java.base/java.util.ArrayList.forEach(ArrayList.java:1604)
	at java.base/java.util.ArrayList.forEach(ArrayList.java:1604)

test.java.com.wagmi.finance.recursion.RecursionUtilsTest.categoryTotalRecursive_handles_empty_array -- Time elapsed: 0.001 s <<< ERROR!
java.lang.UnsupportedOperationException: Not implemented
	at main.java.com.wagmi.finance.recursion.RecursionUtils.categoryTotalRecursive(RecursionUtils.java:16)
	at test.java.com.wagmi.finance.recursion.RecursionUtilsTest.categoryTotalRecursive_handles_empty_array(RecursionUtilsTest.java:73)
	at java.base/java.lang.reflect.Method.invoke(Method.java:565)
	at java.base/java.util.ArrayList.forEach(ArrayList.java:1604)
	at java.base/java.util.ArrayList.forEach(ArrayList.java:1604)

test.java.com.wagmi.finance.recursion.RecursionUtilsTest.isValidDateRecursive_handles_edge_dates -- Time elapsed: 0 s <<< ERROR!
java.lang.UnsupportedOperationException: Not implemented
	at main.java.com.wagmi.finance.recursion.RecursionUtils.isValidDateRecursive(RecursionUtils.java:11)
	at test.java.com.wagmi.finance.recursion.RecursionUtilsTest.isValidDateRecursive_handles_edge_dates(RecursionUtilsTest.java:46)
	at java.base/java.lang.reflect.Method.invoke(Method.java:565)
	at java.base/java.util.ArrayList.forEach(ArrayList.java:1604)
	at java.base/java.util.ArrayList.forEach(ArrayList.java:1604)

test.java.com.wagmi.finance.recursion.RecursionUtilsTest.generateBudgetReportRecursive_returns_non_empty_string -- Time elapsed: 0.001 s <<< ERROR!
java.lang.UnsupportedOperationException: Not implemented
	at main.java.com.wagmi.finance.recursion.RecursionUtils.generateBudgetReportRecursive(RecursionUtils.java:21)
	at test.java.com.wagmi.finance.recursion.RecursionUtilsTest.generateBudgetReportRecursive_returns_non_empty_string(RecursionUtilsTest.java:39)
	at java.base/java.lang.reflect.Method.invoke(Method.java:565)
	at java.base/java.util.ArrayList.forEach(ArrayList.java:1604)
	at java.base/java.util.ArrayList.forEach(ArrayList.java:1604)

test.java.com.wagmi.finance.recursion.RecursionUtilsTest.categoryTotalRecursive_handles_mixed_categories -- Time elapsed: 0 s <<< ERROR!
java.lang.UnsupportedOperationException: Not implemented
	at main.java.com.wagmi.finance.recursion.RecursionUtils.categoryTotalRecursive(RecursionUtils.java:16)
	at test.java.com.wagmi.finance.recursion.RecursionUtilsTest.categoryTotalRecursive_handles_mixed_categories(RecursionUtilsTest.java:102)
	at java.base/java.lang.reflect.Method.invoke(Method.java:565)
	at java.base/java.util.ArrayList.forEach(ArrayList.java:1604)
	at java.base/java.util.ArrayList.forEach(ArrayList.java:1604)

