<?xml version="1.0" encoding="UTF-8"?>
<testsuite xmlns:xsi="http://www.w3.org/2001/XMLSchema-instance" xsi:noNamespaceSchemaLocation="https://maven.apache.org/surefire/maven-surefire-plugin/xsd/surefire-test-report-3.0.xsd" version="3.0" name="test.java.com.wagmi.finance.ds.DoublyLinkedTransactionsTest" time="0.008" tests="15" errors="0" skipped="0" failures="0">
  <properties>
[...]
</properties>
  <testcase name="reverse_inverts_order" classname="test.java.com.wagmi.finance.ds.DoublyLinkedTransactionsTest" time="0.002"/>
  <testcase name="add_increases_size_and_toArray_contains_items_in_order" classname="test.java.com.wagmi.finance.ds.DoublyLinkedTransactionsTest" time="0.0"/>
  <testcase name="deleteById_removes_node_and_updates_size" classname="test.java.com.wagmi.finance.ds.DoublyLinkedTransactionsTest" time="0.001"/>
  <testcase name="add_multiple_elements_maintains_order" classname="test.java.com.wagmi.finance.ds.DoublyLinkedTransactionsTest" time="0.0"/>
  <testcase name="deleteById_with_null_id_returns_false" classname="test.java.com.wagmi.finance.ds.DoublyLinkedTransactionsTest" time="0.0"/>
  <testcase name="toArray_on_empty_returns_empty_array" classname="test.java.com.wagmi.finance.ds.DoublyLinkedTransactionsTest" time="0.001"/>
  <testcase name="reverse_single_element_does_nothing" classname="test.java.com.wagmi.finance.ds.DoublyLinkedTransactionsTest" time="0.0"/>
  <testcase name="deleteById_from_head_of_list" classname="test.java.com.wagmi.finance.ds.DoublyLinkedTransactionsTest" time="0.001"/>
  <testcase name="findById_with_null_id_returns_null" classname="test.java.com.wagmi.finance.ds.DoublyLinkedTransactionsTest" time="0.0"/>
  <testcase name="deleteById_from_tail_of_list" classname="test.java.com.wagmi.finance.ds.DoublyLinkedTransactionsTest" time="0.001"/>
  <testcase name="reverse_empty_list_does_nothing" classname="test.java.com.wagmi.finance.ds.DoublyLinkedTransactionsTest" time="0.0"/>
  <testcase name="deleteById_from_single_element_list" classname="test.java.com.wagmi.finance.ds.DoublyLinkedTransactionsTest" time="0.0"/>
  <testcase name="add_single_element_works_correctly" classname="test.java.com.wagmi.finance.ds.DoublyLinkedTransactionsTest" time="0.001"/>
  <testcase name="findById_returns_correct_transaction_or_null" classname="test.java.com.wagmi.finance.ds.DoublyLinkedTransactionsTest" time="0.0"/>
  <testcase name="reverse_twice_returns_to_original_order" classname="test.java.com.wagmi.finance.ds.DoublyLinkedTransactionsTest" time="0.0"/>
</testsuite>