-------------------------------------------------------------------------------
Test set: test.java.com.wagmi.finance.history.OperationStackTest
-------------------------------------------------------------------------------
Tests run: 9, Failures: 0, Errors: 7, Skipped: 0, Time elapsed: 0.005 s <<< FAILURE! -- in test.java.com.wagmi.finance.history.OperationStackTest
test.java.com.wagmi.finance.history.OperationStackTest.stack_with_capacity_one -- Time elapsed: 0 s <<< ERROR!
java.lang.UnsupportedOperationException: Not implemented
	at main.java.com.wagmi.finance.history.OperationStack.push(OperationStack.java:13)
	at test.java.com.wagmi.finance.history.OperationStackTest.stack_with_capacity_one(OperationStackTest.java:29)
	at java.base/java.lang.reflect.Method.invoke(Method.java:565)
	at java.base/java.util.ArrayList.forEach(ArrayList.java:1604)
	at java.base/java.util.ArrayList.forEach(ArrayList.java:1604)

test.java.com.wagmi.finance.history.OperationStackTest.peek_does_not_modify_stack -- Time elapsed: 0 s <<< ERROR!
java.lang.UnsupportedOperationException: Not implemented
	at main.java.com.wagmi.finance.history.OperationStack.push(OperationStack.java:13)
	at test.java.com.wagmi.finance.history.OperationStackTest.peek_does_not_modify_stack(OperationStackTest.java:65)
	at java.base/java.lang.reflect.Method.invoke(Method.java:565)
	at java.base/java.util.ArrayList.forEach(ArrayList.java:1604)
	at java.base/java.util.ArrayList.forEach(ArrayList.java:1604)

test.java.com.wagmi.finance.history.OperationStackTest.stack_with_large_capacity -- Time elapsed: 0.001 s <<< ERROR!
java.lang.UnsupportedOperationException: Not implemented
	at main.java.com.wagmi.finance.history.OperationStack.push(OperationStack.java:13)
	at test.java.com.wagmi.finance.history.OperationStackTest.stack_with_large_capacity(OperationStackTest.java:41)
	at java.base/java.lang.reflect.Method.invoke(Method.java:565)
	at java.base/java.util.ArrayList.forEach(ArrayList.java:1604)
	at java.base/java.util.ArrayList.forEach(ArrayList.java:1604)

test.java.com.wagmi.finance.history.OperationStackTest.stack_lifo_order -- Time elapsed: 0 s <<< ERROR!
java.lang.UnsupportedOperationException: Not implemented
	at main.java.com.wagmi.finance.history.OperationStack.push(OperationStack.java:13)
	at test.java.com.wagmi.finance.history.OperationStackTest.stack_lifo_order(OperationStackTest.java:52)
	at java.base/java.lang.reflect.Method.invoke(Method.java:565)
	at java.base/java.util.ArrayList.forEach(ArrayList.java:1604)
	at java.base/java.util.ArrayList.forEach(ArrayList.java:1604)

test.java.com.wagmi.finance.history.OperationStackTest.stack_with_empty_strings -- Time elapsed: 0 s <<< ERROR!
java.lang.UnsupportedOperationException: Not implemented
	at main.java.com.wagmi.finance.history.OperationStack.push(OperationStack.java:13)
	at test.java.com.wagmi.finance.history.OperationStackTest.stack_with_empty_strings(OperationStackTest.java:79)
	at java.base/java.lang.reflect.Method.invoke(Method.java:565)
	at java.base/java.util.ArrayList.forEach(ArrayList.java:1604)
	at java.base/java.util.ArrayList.forEach(ArrayList.java:1604)

test.java.com.wagmi.finance.history.OperationStackTest.stack_multiple_peeks_before_pop -- Time elapsed: 0 s <<< ERROR!
java.lang.UnsupportedOperationException: Not implemented
	at main.java.com.wagmi.finance.history.OperationStack.push(OperationStack.java:13)
	at test.java.com.wagmi.finance.history.OperationStackTest.stack_multiple_peeks_before_pop(OperationStackTest.java:97)
	at java.base/java.lang.reflect.Method.invoke(Method.java:565)
	at java.base/java.util.ArrayList.forEach(ArrayList.java:1604)
	at java.base/java.util.ArrayList.forEach(ArrayList.java:1604)

test.java.com.wagmi.finance.history.OperationStackTest.push_pop_and_peek_behaviors_and_underflow_overflow -- Time elapsed: 0 s <<< ERROR!
java.lang.UnsupportedOperationException: Not implemented
	at main.java.com.wagmi.finance.history.OperationStack.push(OperationStack.java:13)
	at test.java.com.wagmi.finance.history.OperationStackTest.push_pop_and_peek_behaviors_and_underflow_overflow(OperationStackTest.java:16)
	at java.base/java.lang.reflect.Method.invoke(Method.java:565)
	at java.base/java.util.ArrayList.forEach(ArrayList.java:1604)
	at java.base/java.util.ArrayList.forEach(ArrayList.java:1604)

