<?xml version="1.0" encoding="UTF-8"?>
<testsuite xmlns:xsi="http://www.w3.org/2001/XMLSchema-instance" xsi:noNamespaceSchemaLocation="https://maven.apache.org/surefire/maven-surefire-plugin/xsd/surefire-test-report-3.0.xsd" version="3.0" name="test.java.com.wagmi.finance.strings.StringUtilsTest" time="0.027" tests="16" errors="15" skipped="0" failures="0">
  <properties>
[...]
</properties>
  <testcase name="matchesDatePattern_handles_null_input" classname="test.java.com.wagmi.finance.strings.StringUtilsTest" time="0.007">
    <error message="Not implemented" type="java.lang.UnsupportedOperationException"><![CDATA[java.lang.UnsupportedOperationException: Not implemented
	at main.java.com.wagmi.finance.strings.StringUtils.matchesDatePattern(StringUtils.java:14)
	at test.java.com.wagmi.finance.strings.StringUtilsTest.matchesDatePattern_handles_null_input(StringUtilsTest.java:54)
	at java.base/java.lang.reflect.Method.invoke(Method.java:565)
	at java.base/java.util.ArrayList.forEach(ArrayList.java:1604)
	at java.base/java.util.ArrayList.forEach(ArrayList.java:1604)
]]></error>
  </testcase>
  <testcase name="sanitizeDescription_handles_empty_string" classname="test.java.com.wagmi.finance.strings.StringUtilsTest" time="0.001">
    <error message="Not implemented" type="java.lang.UnsupportedOperationException"><![CDATA[java.lang.UnsupportedOperationException: Not implemented
	at main.java.com.wagmi.finance.strings.StringUtils.sanitizeDescription(StringUtils.java:9)
	at test.java.com.wagmi.finance.strings.StringUtilsTest.sanitizeDescription_handles_empty_string(StringUtilsTest.java:31)
	at java.base/java.lang.reflect.Method.invoke(Method.java:565)
	at java.base/java.util.ArrayList.forEach(ArrayList.java:1604)
	at java.base/java.util.ArrayList.forEach(ArrayList.java:1604)
]]></error>
  </testcase>
  <testcase name="matchesDatePattern_handles_empty_string" classname="test.java.com.wagmi.finance.strings.StringUtilsTest" time="0.0">
    <error message="Not implemented" type="java.lang.UnsupportedOperationException"><![CDATA[java.lang.UnsupportedOperationException: Not implemented
	at main.java.com.wagmi.finance.strings.StringUtils.matchesDatePattern(StringUtils.java:14)
	at test.java.com.wagmi.finance.strings.StringUtilsTest.matchesDatePattern_handles_empty_string(StringUtilsTest.java:59)
	at java.base/java.lang.reflect.Method.invoke(Method.java:565)
	at java.base/java.util.ArrayList.forEach(ArrayList.java:1604)
	at java.base/java.util.ArrayList.forEach(ArrayList.java:1604)
]]></error>
  </testcase>
  <testcase name="matchesDatePattern_validates_day_range" classname="test.java.com.wagmi.finance.strings.StringUtilsTest" time="0.0">
    <error message="Not implemented" type="java.lang.UnsupportedOperationException"><![CDATA[java.lang.UnsupportedOperationException: Not implemented
	at main.java.com.wagmi.finance.strings.StringUtils.matchesDatePattern(StringUtils.java:14)
	at test.java.com.wagmi.finance.strings.StringUtilsTest.matchesDatePattern_validates_day_range(StringUtilsTest.java:72)
	at java.base/java.lang.reflect.Method.invoke(Method.java:565)
	at java.base/java.util.ArrayList.forEach(ArrayList.java:1604)
	at java.base/java.util.ArrayList.forEach(ArrayList.java:1604)
]]></error>
  </testcase>
  <testcase name="sanitizeDescription_removes_special_characters" classname="test.java.com.wagmi.finance.strings.StringUtilsTest" time="0.0">
    <error message="Not implemented" type="java.lang.UnsupportedOperationException"><![CDATA[java.lang.UnsupportedOperationException: Not implemented
	at main.java.com.wagmi.finance.strings.StringUtils.sanitizeDescription(StringUtils.java:9)
	at test.java.com.wagmi.finance.strings.StringUtilsTest.sanitizeDescription_removes_special_characters(StringUtilsTest.java:36)
	at java.base/java.lang.reflect.Method.invoke(Method.java:565)
	at java.base/java.util.ArrayList.forEach(ArrayList.java:1604)
	at java.base/java.util.ArrayList.forEach(ArrayList.java:1604)
]]></error>
  </testcase>
  <testcase name="sanitizeDescription_handles_multiple_spaces" classname="test.java.com.wagmi.finance.strings.StringUtilsTest" time="0.001">
    <error message="Not implemented" type="java.lang.UnsupportedOperationException"><![CDATA[java.lang.UnsupportedOperationException: Not implemented
	at main.java.com.wagmi.finance.strings.StringUtils.sanitizeDescription(StringUtils.java:9)
	at test.java.com.wagmi.finance.strings.StringUtilsTest.sanitizeDescription_handles_multiple_spaces(StringUtilsTest.java:42)
	at java.base/java.lang.reflect.Method.invoke(Method.java:565)
	at java.base/java.util.ArrayList.forEach(ArrayList.java:1604)
	at java.base/java.util.ArrayList.forEach(ArrayList.java:1604)
]]></error>
  </testcase>
  <testcase name="matchesDatePattern_handles_leap_year" classname="test.java.com.wagmi.finance.strings.StringUtilsTest" time="0.0">
    <error message="Not implemented" type="java.lang.UnsupportedOperationException"><![CDATA[java.lang.UnsupportedOperationException: Not implemented
	at main.java.com.wagmi.finance.strings.StringUtils.matchesDatePattern(StringUtils.java:14)
	at test.java.com.wagmi.finance.strings.StringUtilsTest.matchesDatePattern_handles_leap_year(StringUtilsTest.java:80)
	at java.base/java.lang.reflect.Method.invoke(Method.java:565)
	at java.base/java.util.ArrayList.forEach(ArrayList.java:1604)
	at java.base/java.util.ArrayList.forEach(ArrayList.java:1604)
]]></error>
  </testcase>
  <testcase name="sanitizeDescription_handles_null_input" classname="test.java.com.wagmi.finance.strings.StringUtilsTest" time="0.001"/>
  <testcase name="sanitizeDescription_trims_and_collapses_spaces" classname="test.java.com.wagmi.finance.strings.StringUtilsTest" time="0.001">
    <error message="Not implemented" type="java.lang.UnsupportedOperationException"><![CDATA[java.lang.UnsupportedOperationException: Not implemented
	at main.java.com.wagmi.finance.strings.StringUtils.sanitizeDescription(StringUtils.java:9)
	at test.java.com.wagmi.finance.strings.StringUtilsTest.sanitizeDescription_trims_and_collapses_spaces(StringUtilsTest.java:13)
	at java.base/java.lang.reflect.Method.invoke(Method.java:565)
	at java.base/java.util.ArrayList.forEach(ArrayList.java:1604)
	at java.base/java.util.ArrayList.forEach(ArrayList.java:1604)
]]></error>
  </testcase>
  <testcase name="matchesDatePattern_handles_whitespace" classname="test.java.com.wagmi.finance.strings.StringUtilsTest" time="0.0">
    <error message="Not implemented" type="java.lang.UnsupportedOperationException"><![CDATA[java.lang.UnsupportedOperationException: Not implemented
	at main.java.com.wagmi.finance.strings.StringUtils.matchesDatePattern(StringUtils.java:14)
	at test.java.com.wagmi.finance.strings.StringUtilsTest.matchesDatePattern_handles_whitespace(StringUtilsTest.java:112)
	at java.base/java.lang.reflect.Method.invoke(Method.java:565)
	at java.base/java.util.ArrayList.forEach(ArrayList.java:1604)
	at java.base/java.util.ArrayList.forEach(ArrayList.java:1604)
]]></error>
  </testcase>
  <testcase name="matchesDatePattern_rejects_invalid_formats" classname="test.java.com.wagmi.finance.strings.StringUtilsTest" time="0.001">
    <error message="Not implemented" type="java.lang.UnsupportedOperationException"><![CDATA[java.lang.UnsupportedOperationException: Not implemented
	at main.java.com.wagmi.finance.strings.StringUtils.matchesDatePattern(StringUtils.java:14)
	at test.java.com.wagmi.finance.strings.StringUtilsTest.matchesDatePattern_rejects_invalid_formats(StringUtilsTest.java:102)
	at java.base/java.lang.reflect.Method.invoke(Method.java:565)
	at java.base/java.util.ArrayList.forEach(ArrayList.java:1604)
	at java.base/java.util.ArrayList.forEach(ArrayList.java:1604)
]]></error>
  </testcase>
  <testcase name="matchesDatePattern_validates_month_range" classname="test.java.com.wagmi.finance.strings.StringUtilsTest" time="0.0">
    <error message="Not implemented" type="java.lang.UnsupportedOperationException"><![CDATA[java.lang.UnsupportedOperationException: Not implemented
	at main.java.com.wagmi.finance.strings.StringUtils.matchesDatePattern(StringUtils.java:14)
	at test.java.com.wagmi.finance.strings.StringUtilsTest.matchesDatePattern_validates_month_range(StringUtilsTest.java:64)
	at java.base/java.lang.reflect.Method.invoke(Method.java:565)
	at java.base/java.util.ArrayList.forEach(ArrayList.java:1604)
	at java.base/java.util.ArrayList.forEach(ArrayList.java:1604)
]]></error>
  </testcase>
  <testcase name="sanitizeDescription_handles_tabs_and_newlines" classname="test.java.com.wagmi.finance.strings.StringUtilsTest" time="0.0">
    <error message="Not implemented" type="java.lang.UnsupportedOperationException"><![CDATA[java.lang.UnsupportedOperationException: Not implemented
	at main.java.com.wagmi.finance.strings.StringUtils.sanitizeDescription(StringUtils.java:9)
	at test.java.com.wagmi.finance.strings.StringUtilsTest.sanitizeDescription_handles_tabs_and_newlines(StringUtilsTest.java:48)
	at java.base/java.lang.reflect.Method.invoke(Method.java:565)
	at java.base/java.util.ArrayList.forEach(ArrayList.java:1604)
	at java.base/java.util.ArrayList.forEach(ArrayList.java:1604)
]]></error>
  </testcase>
  <testcase name="matchesDatePattern_checks_basic_format" classname="test.java.com.wagmi.finance.strings.StringUtilsTest" time="0.0">
    <error message="Not implemented" type="java.lang.UnsupportedOperationException"><![CDATA[java.lang.UnsupportedOperationException: Not implemented
	at main.java.com.wagmi.finance.strings.StringUtils.matchesDatePattern(StringUtils.java:14)
	at test.java.com.wagmi.finance.strings.StringUtilsTest.matchesDatePattern_checks_basic_format(StringUtilsTest.java:19)
	at java.base/java.lang.reflect.Method.invoke(Method.java:565)
	at java.base/java.util.ArrayList.forEach(ArrayList.java:1604)
	at java.base/java.util.ArrayList.forEach(ArrayList.java:1604)
]]></error>
  </testcase>
  <testcase name="matchesDatePattern_handles_year_boundaries" classname="test.java.com.wagmi.finance.strings.StringUtilsTest" time="0.0">
    <error message="Not implemented" type="java.lang.UnsupportedOperationException"><![CDATA[java.lang.UnsupportedOperationException: Not implemented
	at main.java.com.wagmi.finance.strings.StringUtils.matchesDatePattern(StringUtils.java:14)
	at test.java.com.wagmi.finance.strings.StringUtilsTest.matchesDatePattern_handles_year_boundaries(StringUtilsTest.java:94)
	at java.base/java.lang.reflect.Method.invoke(Method.java:565)
	at java.base/java.util.ArrayList.forEach(ArrayList.java:1604)
	at java.base/java.util.ArrayList.forEach(ArrayList.java:1604)
]]></error>
  </testcase>
  <testcase name="matchesDatePattern_handles_month_day_combinations" classname="test.java.com.wagmi.finance.strings.StringUtilsTest" time="0.001">
    <error message="Not implemented" type="java.lang.UnsupportedOperationException"><![CDATA[java.lang.UnsupportedOperationException: Not implemented
	at main.java.com.wagmi.finance.strings.StringUtils.matchesDatePattern(StringUtils.java:14)
	at test.java.com.wagmi.finance.strings.StringUtilsTest.matchesDatePattern_handles_month_day_combinations(StringUtilsTest.java:86)
	at java.base/java.lang.reflect.Method.invoke(Method.java:565)
	at java.base/java.util.ArrayList.forEach(ArrayList.java:1604)
	at java.base/java.util.ArrayList.forEach(ArrayList.java:1604)
]]></error>
  </testcase>
</testsuite>