-------------------------------------------------------------------------------
Test set: test.java.com.wagmi.finance.ds.DoublyLinkedTransactionsTest
-------------------------------------------------------------------------------
Tests run: 15, Failures: 0, Errors: 15, Skipped: 0, Time elapsed: 0.011 s <<< FAILURE! -- in test.java.com.wagmi.finance.ds.DoublyLinkedTransactionsTest
test.java.com.wagmi.finance.ds.DoublyLinkedTransactionsTest.reverse_inverts_order -- Time elapsed: 0.002 s <<< ERROR!
java.lang.UnsupportedOperationException: Not implemented
	at main.java.com.wagmi.finance.ds.DoublyLinkedTransactions.add(DoublyLinkedTransactions.java:23)
	at test.java.com.wagmi.finance.ds.DoublyLinkedTransactionsTest.reverse_inverts_order(DoublyLinkedTransactionsTest.java:59)
	at java.base/java.lang.reflect.Method.invoke(Method.java:565)
	at java.base/java.util.ArrayList.forEach(ArrayList.java:1604)
	at java.base/java.util.ArrayList.forEach(ArrayList.java:1604)

test.java.com.wagmi.finance.ds.DoublyLinkedTransactionsTest.add_increases_size_and_toArray_contains_items_in_order -- Time elapsed: 0.001 s <<< ERROR!
java.lang.UnsupportedOperationException: Not implemented
	at main.java.com.wagmi.finance.ds.DoublyLinkedTransactions.add(DoublyLinkedTransactions.java:23)
	at test.java.com.wagmi.finance.ds.DoublyLinkedTransactionsTest.add_increases_size_and_toArray_contains_items_in_order(DoublyLinkedTransactionsTest.java:28)
	at java.base/java.lang.reflect.Method.invoke(Method.java:565)
	at java.base/java.util.ArrayList.forEach(ArrayList.java:1604)
	at java.base/java.util.ArrayList.forEach(ArrayList.java:1604)

test.java.com.wagmi.finance.ds.DoublyLinkedTransactionsTest.deleteById_removes_node_and_updates_size -- Time elapsed: 0.001 s <<< ERROR!
java.lang.UnsupportedOperationException: Not implemented
	at main.java.com.wagmi.finance.ds.DoublyLinkedTransactions.add(DoublyLinkedTransactions.java:23)
	at test.java.com.wagmi.finance.ds.DoublyLinkedTransactionsTest.deleteById_removes_node_and_updates_size(DoublyLinkedTransactionsTest.java:38)
	at java.base/java.lang.reflect.Method.invoke(Method.java:565)
	at java.base/java.util.ArrayList.forEach(ArrayList.java:1604)
	at java.base/java.util.ArrayList.forEach(ArrayList.java:1604)

test.java.com.wagmi.finance.ds.DoublyLinkedTransactionsTest.add_multiple_elements_maintains_order -- Time elapsed: 0 s <<< ERROR!
java.lang.UnsupportedOperationException: Not implemented
	at main.java.com.wagmi.finance.ds.DoublyLinkedTransactions.add(DoublyLinkedTransactions.java:23)
	at test.java.com.wagmi.finance.ds.DoublyLinkedTransactionsTest.add_multiple_elements_maintains_order(DoublyLinkedTransactionsTest.java:172)
	at java.base/java.lang.reflect.Method.invoke(Method.java:565)
	at java.base/java.util.ArrayList.forEach(ArrayList.java:1604)
	at java.base/java.util.ArrayList.forEach(ArrayList.java:1604)

test.java.com.wagmi.finance.ds.DoublyLinkedTransactionsTest.deleteById_with_null_id_returns_false -- Time elapsed: 0 s <<< ERROR!
java.lang.UnsupportedOperationException: Not implemented
	at main.java.com.wagmi.finance.ds.DoublyLinkedTransactions.add(DoublyLinkedTransactions.java:23)
	at test.java.com.wagmi.finance.ds.DoublyLinkedTransactionsTest.deleteById_with_null_id_returns_false(DoublyLinkedTransactionsTest.java:157)
	at java.base/java.lang.reflect.Method.invoke(Method.java:565)
	at java.base/java.util.ArrayList.forEach(ArrayList.java:1604)
	at java.base/java.util.ArrayList.forEach(ArrayList.java:1604)

test.java.com.wagmi.finance.ds.DoublyLinkedTransactionsTest.toArray_on_empty_returns_empty_array -- Time elapsed: 0 s <<< ERROR!
java.lang.UnsupportedOperationException: Not implemented
	at main.java.com.wagmi.finance.ds.DoublyLinkedTransactions.toArray(DoublyLinkedTransactions.java:47)
	at test.java.com.wagmi.finance.ds.DoublyLinkedTransactionsTest.toArray_on_empty_returns_empty_array(DoublyLinkedTransactionsTest.java:71)
	at java.base/java.lang.reflect.Method.invoke(Method.java:565)
	at java.base/java.util.ArrayList.forEach(ArrayList.java:1604)
	at java.base/java.util.ArrayList.forEach(ArrayList.java:1604)

test.java.com.wagmi.finance.ds.DoublyLinkedTransactionsTest.reverse_single_element_does_nothing -- Time elapsed: 0 s <<< ERROR!
java.lang.UnsupportedOperationException: Not implemented
	at main.java.com.wagmi.finance.ds.DoublyLinkedTransactions.add(DoublyLinkedTransactions.java:23)
	at test.java.com.wagmi.finance.ds.DoublyLinkedTransactionsTest.reverse_single_element_does_nothing(DoublyLinkedTransactionsTest.java:129)
	at java.base/java.lang.reflect.Method.invoke(Method.java:565)
	at java.base/java.util.ArrayList.forEach(ArrayList.java:1604)
	at java.base/java.util.ArrayList.forEach(ArrayList.java:1604)

test.java.com.wagmi.finance.ds.DoublyLinkedTransactionsTest.deleteById_from_head_of_list -- Time elapsed: 0.001 s <<< ERROR!
java.lang.UnsupportedOperationException: Not implemented
	at main.java.com.wagmi.finance.ds.DoublyLinkedTransactions.add(DoublyLinkedTransactions.java:23)
	at test.java.com.wagmi.finance.ds.DoublyLinkedTransactionsTest.deleteById_from_head_of_list(DoublyLinkedTransactionsTest.java:97)
	at java.base/java.lang.reflect.Method.invoke(Method.java:565)
	at java.base/java.util.ArrayList.forEach(ArrayList.java:1604)
	at java.base/java.util.ArrayList.forEach(ArrayList.java:1604)

test.java.com.wagmi.finance.ds.DoublyLinkedTransactionsTest.findById_with_null_id_returns_null -- Time elapsed: 0 s <<< ERROR!
java.lang.UnsupportedOperationException: Not implemented
	at main.java.com.wagmi.finance.ds.DoublyLinkedTransactions.add(DoublyLinkedTransactions.java:23)
	at test.java.com.wagmi.finance.ds.DoublyLinkedTransactionsTest.findById_with_null_id_returns_null(DoublyLinkedTransactionsTest.java:151)
	at java.base/java.lang.reflect.Method.invoke(Method.java:565)
	at java.base/java.util.ArrayList.forEach(ArrayList.java:1604)
	at java.base/java.util.ArrayList.forEach(ArrayList.java:1604)

test.java.com.wagmi.finance.ds.DoublyLinkedTransactionsTest.deleteById_from_tail_of_list -- Time elapsed: 0.001 s <<< ERROR!
java.lang.UnsupportedOperationException: Not implemented
	at main.java.com.wagmi.finance.ds.DoublyLinkedTransactions.add(DoublyLinkedTransactions.java:23)
	at test.java.com.wagmi.finance.ds.DoublyLinkedTransactionsTest.deleteById_from_tail_of_list(DoublyLinkedTransactionsTest.java:109)
	at java.base/java.lang.reflect.Method.invoke(Method.java:565)
	at java.base/java.util.ArrayList.forEach(ArrayList.java:1604)
	at java.base/java.util.ArrayList.forEach(ArrayList.java:1604)

test.java.com.wagmi.finance.ds.DoublyLinkedTransactionsTest.reverse_empty_list_does_nothing -- Time elapsed: 0 s <<< ERROR!
java.lang.UnsupportedOperationException: Not implemented
	at main.java.com.wagmi.finance.ds.DoublyLinkedTransactions.reverse(DoublyLinkedTransactions.java:38)
	at test.java.com.wagmi.finance.ds.DoublyLinkedTransactionsTest.reverse_empty_list_does_nothing(DoublyLinkedTransactionsTest.java:121)
	at java.base/java.lang.reflect.Method.invoke(Method.java:565)
	at java.base/java.util.ArrayList.forEach(ArrayList.java:1604)
	at java.base/java.util.ArrayList.forEach(ArrayList.java:1604)

test.java.com.wagmi.finance.ds.DoublyLinkedTransactionsTest.deleteById_from_single_element_list -- Time elapsed: 0.001 s <<< ERROR!
java.lang.UnsupportedOperationException: Not implemented
	at main.java.com.wagmi.finance.ds.DoublyLinkedTransactions.add(DoublyLinkedTransactions.java:23)
	at test.java.com.wagmi.finance.ds.DoublyLinkedTransactionsTest.deleteById_from_single_element_list(DoublyLinkedTransactionsTest.java:89)
	at java.base/java.lang.reflect.Method.invoke(Method.java:565)
	at java.base/java.util.ArrayList.forEach(ArrayList.java:1604)
	at java.base/java.util.ArrayList.forEach(ArrayList.java:1604)

test.java.com.wagmi.finance.ds.DoublyLinkedTransactionsTest.add_single_element_works_correctly -- Time elapsed: 0 s <<< ERROR!
java.lang.UnsupportedOperationException: Not implemented
	at main.java.com.wagmi.finance.ds.DoublyLinkedTransactions.add(DoublyLinkedTransactions.java:23)
	at test.java.com.wagmi.finance.ds.DoublyLinkedTransactionsTest.add_single_element_works_correctly(DoublyLinkedTransactionsTest.java:79)
	at java.base/java.lang.reflect.Method.invoke(Method.java:565)
	at java.base/java.util.ArrayList.forEach(ArrayList.java:1604)
	at java.base/java.util.ArrayList.forEach(ArrayList.java:1604)

test.java.com.wagmi.finance.ds.DoublyLinkedTransactionsTest.findById_returns_correct_transaction_or_null -- Time elapsed: 0.001 s <<< ERROR!
java.lang.UnsupportedOperationException: Not implemented
	at main.java.com.wagmi.finance.ds.DoublyLinkedTransactions.add(DoublyLinkedTransactions.java:23)
	at test.java.com.wagmi.finance.ds.DoublyLinkedTransactionsTest.findById_returns_correct_transaction_or_null(DoublyLinkedTransactionsTest.java:51)
	at java.base/java.lang.reflect.Method.invoke(Method.java:565)
	at java.base/java.util.ArrayList.forEach(ArrayList.java:1604)
	at java.base/java.util.ArrayList.forEach(ArrayList.java:1604)

test.java.com.wagmi.finance.ds.DoublyLinkedTransactionsTest.reverse_twice_returns_to_original_order -- Time elapsed: 0 s <<< ERROR!
java.lang.UnsupportedOperationException: Not implemented
	at main.java.com.wagmi.finance.ds.DoublyLinkedTransactions.add(DoublyLinkedTransactions.java:23)
	at test.java.com.wagmi.finance.ds.DoublyLinkedTransactionsTest.reverse_twice_returns_to_original_order(DoublyLinkedTransactionsTest.java:138)
	at java.base/java.lang.reflect.Method.invoke(Method.java:565)
	at java.base/java.util.ArrayList.forEach(ArrayList.java:1604)
	at java.base/java.util.ArrayList.forEach(ArrayList.java:1604)

